{
  "RSpec": {
    "coverage": {
      "/home/DanO/tic-tac-toe-rb-v-000/lib/tic_tac_toe.rb": [
        1,
        null,
        null,
        null,
        1,
        null,
        null,
        null,
        null,
        null,
        null,
        null,
        null,
        null,
        null,
        1,
        0,
        null,
        null,
        null,
        null,
        1,
        54,
        401,
        6,
        395,
        1,
        null,
        null,
        47,
        null,
        null,
        null,
        1,
        32,
        30,
        null,
        2,
        null,
        null,
        null,
        1,
        23,
        2,
        null,
        21,
        null,
        null,
        null,
        1,
        17,
        8,
        null,
        9,
        null,
        null,
        null,
        1,
        1,
        1,
        null,
        null,
        null,
        null,
        null,
        1,
        0,
        0,
        0,
        0,
        0,
        null,
        null,
        1,
        0,
        null,
        null,
        1,
        16,
        null,
        null,
        1,
        16,
        16,
        null,
        null,
        1,
        0,
        null,
        null,
        1,
        0,
        0,
        0,
        0,
        0,
        0,
        null,
        0,
        null,
        null,
        null,
        1,
        16,
        16,
        144,
        25,
        null,
        null,
        16,
        null,
        null,
        null,
        1,
        16,
        11,
        null,
        5,
        null,
        null,
        null,
        1,
        12,
        16,
        16,
        16,
        16,
        0,
        null,
        16,
        null,
        null,
        16,
        2,
        14,
        0,
        null,
        null,
        null,
        null,
        null,
        null,
        null,
        1,
        16,
        null,
        null,
        null,
        null,
        null,
        null,
        null,
        null,
        null,
        null,
        null,
        null,
        null,
        null,
        null,
        null,
        null,
        null,
        null,
        null,
        null,
        null,
        null,
        null,
        null,
        null,
        null,
        null,
        null,
        null,
        null,
        null,
        null,
        null,
        null,
        null,
        null,
        null,
        null,
        null,
        null,
        null,
        null,
        null,
        null,
        null,
        null,
        null,
        null,
        null,
        null,
        null,
        null,
        null,
        null,
        null,
        null,
        null,
        null,
        null,
        null,
        null,
        null,
        null,
        null,
        null,
        null,
        null,
        null,
        null,
        null,
        null,
        null,
        null
      ]
    },
    "timestamp": 1581623345
  }
}
